
<ShowPlanXML xmlns="http://schemas.microsoft.com/sqlserver/2004/07/showplan" Version="1.2" Build="12.0.4213.0">
  <BatchSequence>
    <Batch>
      <Statements>
        <StmtSimple StatementText="&#xD;&#xA;SELECT &#xD;&#xA;	[meId]&#xD;&#xA;	,[nvarcharme]&#xD;&#xA;	,CASE WHEN intMe = 0 THEN 'no oil' ELSE 'you''ve got oil' END AS GotOil&#xD;&#xA;	,CASE WHEN realMe = 0.0 THEN 'there is no reality' ELSE&#xD;&#xA;		CASE WHEN tinyIntMe = 0 THEN 'some things are real' ELSE 'reality' END&#xD;&#xA;		END AS WhatIsReality&#xD;&#xA;FROM [Data].[All_Data_Types]" StatementId="1" StatementCompId="1" StatementType="SELECT" RetrievedFromCache="false" StatementSubTreeCost="0.0032832" StatementEstRows="1" StatementOptmLevel="TRIVIAL" QueryHash="0x8801926BBF4D32FA" QueryPlanHash="0xEA0ADA89887D0D30" CardinalityEstimationModelVersion="120">
          <StatementSetOptions QUOTED_IDENTIFIER="true" ARITHABORT="true" CONCAT_NULL_YIELDS_NULL="true" ANSI_NULLS="true" ANSI_PADDING="true" ANSI_WARNINGS="true" NUMERIC_ROUNDABORT="false" />
          <QueryPlan CachedPlanSize="16" CompileTime="0" CompileCPU="0" CompileMemory="128">
            <MemoryGrantInfo SerialRequiredMemory="0" SerialDesiredMemory="0" />
            <OptimizerHardwareDependentProperties EstimatedAvailableMemoryGrant="418460" EstimatedPagesCached="209230" EstimatedAvailableDegreeOfParallelism="4" />
            <RelOp NodeId="0" PhysicalOp="Compute Scalar" LogicalOp="Compute Scalar" EstimateRows="1" EstimateIO="0" EstimateCPU="1e-007" AvgRowSize="51" EstimatedTotalSubtreeCost="0.0032832" Parallel="0" EstimateRebinds="0" EstimateRewinds="0" EstimatedExecutionMode="Row">
              <OutputList>
                <ColumnReference Database="[Entoleon_Proxy]" Schema="[Data]" Table="[All_Data_Types]" Column="meId" />
                <ColumnReference Database="[Entoleon_Proxy]" Schema="[Data]" Table="[All_Data_Types]" Column="nvarcharme" />
                <ColumnReference Column="Expr1003" />
                <ColumnReference Column="Expr1004" />
              </OutputList>
              <ComputeScalar>
                <DefinedValues>
                  <DefinedValue>
                    <ColumnReference Column="Expr1003" />
                    <ScalarOperator ScalarString="CASE WHEN [Entoleon_Proxy].[Data].[All_Data_Types].[intme]=(0) THEN 'no oil' ELSE 'you''ve got oil' END">
                      <IF>
                        <Condition>
                          <ScalarOperator>
                            <Compare CompareOp="EQ">
                              <ScalarOperator>
                                <Identifier>
                                  <ColumnReference Database="[Entoleon_Proxy]" Schema="[Data]" Table="[All_Data_Types]" Column="intme" />
                                </Identifier>
                              </ScalarOperator>
                              <ScalarOperator>
                                <Const ConstValue="(0)" />
                              </ScalarOperator>
                            </Compare>
                          </ScalarOperator>
                        </Condition>
                        <Then>
                          <ScalarOperator>
                            <Const ConstValue="'no oil'" />
                          </ScalarOperator>
                        </Then>
                        <Else>
                          <ScalarOperator>
                            <Const ConstValue="'you''ve got oil'" />
                          </ScalarOperator>
                        </Else>
                      </IF>
                    </ScalarOperator>
                  </DefinedValue>
                  <DefinedValue>
                    <ColumnReference Column="Expr1004" />
                    <ScalarOperator ScalarString="CASE WHEN [Entoleon_Proxy].[Data].[All_Data_Types].[realme]=(0.000000000000000e+000) THEN 'there is no reality' ELSE CASE WHEN [Entoleon_Proxy].[Data].[All_Data_Types].[tinyintme]=(0) THEN 'some things are real' ELSE 'reality' END END">
                      <IF>
                        <Condition>
                          <ScalarOperator>
                            <Compare CompareOp="EQ">
                              <ScalarOperator>
                                <Identifier>
                                  <ColumnReference Database="[Entoleon_Proxy]" Schema="[Data]" Table="[All_Data_Types]" Column="realme" />
                                </Identifier>
                              </ScalarOperator>
                              <ScalarOperator>
                                <Const ConstValue="(0.000000000000000e+000)" />
                              </ScalarOperator>
                            </Compare>
                          </ScalarOperator>
                        </Condition>
                        <Then>
                          <ScalarOperator>
                            <Const ConstValue="'there is no reality'" />
                          </ScalarOperator>
                        </Then>
                        <Else>
                          <ScalarOperator>
                            <IF>
                              <Condition>
                                <ScalarOperator>
                                  <Compare CompareOp="EQ">
                                    <ScalarOperator>
                                      <Identifier>
                                        <ColumnReference Database="[Entoleon_Proxy]" Schema="[Data]" Table="[All_Data_Types]" Column="tinyintme" />
                                      </Identifier>
                                    </ScalarOperator>
                                    <ScalarOperator>
                                      <Const ConstValue="(0)" />
                                    </ScalarOperator>
                                  </Compare>
                                </ScalarOperator>
                              </Condition>
                              <Then>
                                <ScalarOperator>
                                  <Const ConstValue="'some things are real'" />
                                </ScalarOperator>
                              </Then>
                              <Else>
                                <ScalarOperator>
                                  <Const ConstValue="'reality'" />
                                </ScalarOperator>
                              </Else>
                            </IF>
                          </ScalarOperator>
                        </Else>
                      </IF>
                    </ScalarOperator>
                  </DefinedValue>
                </DefinedValues>
                <RelOp NodeId="1" PhysicalOp="Table Scan" LogicalOp="Table Scan" EstimateRows="1" EstimateIO="0.0032035" EstimateCPU="7.96e-005" AvgRowSize="39" EstimatedTotalSubtreeCost="0.0032831" TableCardinality="0" Parallel="0" EstimateRebinds="0" EstimateRewinds="0" EstimatedExecutionMode="Row">
                  <OutputList>
                    <ColumnReference Database="[Entoleon_Proxy]" Schema="[Data]" Table="[All_Data_Types]" Column="meId" />
                    <ColumnReference Database="[Entoleon_Proxy]" Schema="[Data]" Table="[All_Data_Types]" Column="nvarcharme" />
                    <ColumnReference Database="[Entoleon_Proxy]" Schema="[Data]" Table="[All_Data_Types]" Column="intme" />
                    <ColumnReference Database="[Entoleon_Proxy]" Schema="[Data]" Table="[All_Data_Types]" Column="tinyintme" />
                    <ColumnReference Database="[Entoleon_Proxy]" Schema="[Data]" Table="[All_Data_Types]" Column="realme" />
                  </OutputList>
                  <TableScan Ordered="0" ForcedIndex="0" ForceScan="0" NoExpandHint="0" Storage="RowStore">
                    <DefinedValues>
                      <DefinedValue>
                        <ColumnReference Database="[Entoleon_Proxy]" Schema="[Data]" Table="[All_Data_Types]" Column="meId" />
                      </DefinedValue>
                      <DefinedValue>
                        <ColumnReference Database="[Entoleon_Proxy]" Schema="[Data]" Table="[All_Data_Types]" Column="nvarcharme" />
                      </DefinedValue>
                      <DefinedValue>
                        <ColumnReference Database="[Entoleon_Proxy]" Schema="[Data]" Table="[All_Data_Types]" Column="intme" />
                      </DefinedValue>
                      <DefinedValue>
                        <ColumnReference Database="[Entoleon_Proxy]" Schema="[Data]" Table="[All_Data_Types]" Column="tinyintme" />
                      </DefinedValue>
                      <DefinedValue>
                        <ColumnReference Database="[Entoleon_Proxy]" Schema="[Data]" Table="[All_Data_Types]" Column="realme" />
                      </DefinedValue>
                    </DefinedValues>
                    <Object Database="[Entoleon_Proxy]" Schema="[Data]" Table="[All_Data_Types]" IndexKind="Heap" Storage="RowStore" />
                  </TableScan>
                </RelOp>
              </ComputeScalar>
            </RelOp>
          </QueryPlan>
        </StmtSimple>
      </Statements>
    </Batch>
  </BatchSequence>
</ShowPlanXML>